<?xml version="1.0" encoding="UTF-8"?>
<testsuite xmlns:xsi="http://www.w3.org/2001/XMLSchema-instance" xsi:noNamespaceSchemaLocation="https://maven.apache.org/surefire/maven-surefire-plugin/xsd/surefire-test-report.xsd" name="SIC.ProjetStylo.AppTest" time="0.03" tests="1" errors="0" skipped="0" failures="0">
  <properties>
    <property name="java.specification.version" value="15"/>
    <property name="sun.cpu.isalist" value="amd64"/>
    <property name="sun.jnu.encoding" value="MS932"/>
    <property name="java.class.path" value="C:\Users\33601\eclipse-workspace\ProjetStylo\target\test-classes;C:\Users\33601\eclipse-workspace\ProjetStylo\target\classes;C:\Users\33601\.m2\repository\junit\junit\4.11\junit-4.11.jar;C:\Users\33601\.m2\repository\org\hamcrest\hamcrest-core\1.3\hamcrest-core-1.3.jar;C:\Users\33601\.m2\repository\net\sourceforge\owlapi\owlapi-distribution\4.1.3\owlapi-distribution-4.1.3.jar;C:\Users\33601\.m2\repository\com\fasterxml\jackson\core\jackson-core\2.5.1\jackson-core-2.5.1.jar;C:\Users\33601\.m2\repository\com\fasterxml\jackson\core\jackson-databind\2.5.1\jackson-databind-2.5.1.jar;C:\Users\33601\.m2\repository\com\fasterxml\jackson\core\jackson-annotations\2.5.1\jackson-annotations-2.5.1.jar;C:\Users\33601\.m2\repository\org\tukaani\xz\1.5\xz-1.5.jar;C:\Users\33601\.m2\repository\org\openrdf\sesame\sesame-model\2.7.12\sesame-model-2.7.12.jar;C:\Users\33601\.m2\repository\org\openrdf\sesame\sesame-util\2.7.12\sesame-util-2.7.12.jar;C:\Users\33601\.m2\repository\org\openrdf\sesame\sesame-rio-api\2.7.12\sesame-rio-api-2.7.12.jar;C:\Users\33601\.m2\repository\org\openrdf\sesame\sesame-rio-languages\2.7.12\sesame-rio-languages-2.7.12.jar;C:\Users\33601\.m2\repository\org\openrdf\sesame\sesame-rio-datatypes\2.7.12\sesame-rio-datatypes-2.7.12.jar;C:\Users\33601\.m2\repository\org\openrdf\sesame\sesame-rio-binary\2.7.12\sesame-rio-binary-2.7.12.jar;C:\Users\33601\.m2\repository\org\openrdf\sesame\sesame-rio-n3\2.7.12\sesame-rio-n3-2.7.12.jar;C:\Users\33601\.m2\repository\org\openrdf\sesame\sesame-rio-nquads\2.7.12\sesame-rio-nquads-2.7.12.jar;C:\Users\33601\.m2\repository\org\openrdf\sesame\sesame-rio-ntriples\2.7.12\sesame-rio-ntriples-2.7.12.jar;C:\Users\33601\.m2\repository\org\openrdf\sesame\sesame-rio-rdfjson\2.7.12\sesame-rio-rdfjson-2.7.12.jar;C:\Users\33601\.m2\repository\org\openrdf\sesame\sesame-rio-rdfxml\2.7.12\sesame-rio-rdfxml-2.7.12.jar;C:\Users\33601\.m2\repository\org\openrdf\sesame\sesame-rio-trix\2.7.12\sesame-rio-trix-2.7.12.jar;C:\Users\33601\.m2\repository\org\openrdf\sesame\sesame-rio-turtle\2.7.12\sesame-rio-turtle-2.7.12.jar;C:\Users\33601\.m2\repository\org\openrdf\sesame\sesame-rio-trig\2.7.12\sesame-rio-trig-2.7.12.jar;C:\Users\33601\.m2\repository\com\github\jsonld-java\jsonld-java-sesame\0.5.0\jsonld-java-sesame-0.5.0.jar;C:\Users\33601\.m2\repository\com\github\jsonld-java\jsonld-java\0.5.0\jsonld-java-0.5.0.jar;C:\Users\33601\.m2\repository\org\apache\httpcomponents\httpclient-cache\4.2.5\httpclient-cache-4.2.5.jar;C:\Users\33601\.m2\repository\org\apache\httpcomponents\httpclient\4.2.5\httpclient-4.2.5.jar;C:\Users\33601\.m2\repository\org\apache\httpcomponents\httpcore\4.2.4\httpcore-4.2.4.jar;C:\Users\33601\.m2\repository\commons-codec\commons-codec\1.6\commons-codec-1.6.jar;C:\Users\33601\.m2\repository\org\slf4j\jcl-over-slf4j\1.7.7\jcl-over-slf4j-1.7.7.jar;C:\Users\33601\.m2\repository\org\semarglproject\semargl-sesame\0.6.1\semargl-sesame-0.6.1.jar;C:\Users\33601\.m2\repository\org\semarglproject\semargl-core\0.6.1\semargl-core-0.6.1.jar;C:\Users\33601\.m2\repository\org\semarglproject\semargl-rdfa\0.6.1\semargl-rdfa-0.6.1.jar;C:\Users\33601\.m2\repository\org\semarglproject\semargl-rdf\0.6.1\semargl-rdf-0.6.1.jar;C:\Users\33601\.m2\repository\net\sf\trove4j\trove4j\3.0.3\trove4j-3.0.3.jar;C:\Users\33601\.m2\repository\com\google\guava\guava\18.0\guava-18.0.jar;C:\Users\33601\.m2\repository\com\google\inject\guice\4.0\guice-4.0.jar;C:\Users\33601\.m2\repository\javax\inject\javax.inject\1\javax.inject-1.jar;C:\Users\33601\.m2\repository\aopalliance\aopalliance\1.0\aopalliance-1.0.jar;C:\Users\33601\.m2\repository\com\google\inject\extensions\guice-assistedinject\4.0\guice-assistedinject-4.0.jar;C:\Users\33601\.m2\repository\com\google\inject\extensions\guice-multibindings\4.0\guice-multibindings-4.0.jar;C:\Users\33601\.m2\repository\com\google\code\findbugs\jsr305\2.0.1\jsr305-2.0.1.jar;C:\Users\33601\.m2\repository\org\slf4j\slf4j-api\1.7.10\slf4j-api-1.7.10.jar;C:\Users\33601\.m2\repository\commons-io\commons-io\2.4\commons-io-2.4.jar;C:\Users\33601\.m2\repository\org\slf4j\slf4j-simple\1.7.13\slf4j-simple-1.7.13.jar;C:\Users\33601\.m2\repository\jakarta-regexp\jakarta-regexp\1.4\jakarta-regexp-1.4.jar;"/>
    <property name="java.vm.vendor" value="Oracle Corporation"/>
    <property name="sun.arch.data.model" value="64"/>
    <property name="user.variant" value=""/>
    <property name="java.vendor.url" value="https://java.oracle.com/"/>
    <property name="user.timezone" value="Europe/Paris"/>
    <property name="os.name" value="Windows 10"/>
    <property name="java.vm.specification.version" value="15"/>
    <property name="sun.java.launcher" value="SUN_STANDARD"/>
    <property name="user.country" value="FR"/>
    <property name="sun.boot.library.path" value="C:\Program Files\Java\jdk-15.0.2\bin"/>
    <property name="sun.java.command" value="C:\Users\33601\AppData\Local\Temp\surefire7125868979492166139\surefirebooter2295525231460484035.jar C:\Users\33601\AppData\Local\Temp\surefire7125868979492166139 2021-02-02T16-12-58_557-jvmRun1 surefire7927994631263530178tmp surefire_0657506661359543161tmp"/>
    <property name="jdk.debug" value="release"/>
    <property name="surefire.test.class.path" value="C:\Users\33601\eclipse-workspace\ProjetStylo\target\test-classes;C:\Users\33601\eclipse-workspace\ProjetStylo\target\classes;C:\Users\33601\.m2\repository\junit\junit\4.11\junit-4.11.jar;C:\Users\33601\.m2\repository\org\hamcrest\hamcrest-core\1.3\hamcrest-core-1.3.jar;C:\Users\33601\.m2\repository\net\sourceforge\owlapi\owlapi-distribution\4.1.3\owlapi-distribution-4.1.3.jar;C:\Users\33601\.m2\repository\com\fasterxml\jackson\core\jackson-core\2.5.1\jackson-core-2.5.1.jar;C:\Users\33601\.m2\repository\com\fasterxml\jackson\core\jackson-databind\2.5.1\jackson-databind-2.5.1.jar;C:\Users\33601\.m2\repository\com\fasterxml\jackson\core\jackson-annotations\2.5.1\jackson-annotations-2.5.1.jar;C:\Users\33601\.m2\repository\org\tukaani\xz\1.5\xz-1.5.jar;C:\Users\33601\.m2\repository\org\openrdf\sesame\sesame-model\2.7.12\sesame-model-2.7.12.jar;C:\Users\33601\.m2\repository\org\openrdf\sesame\sesame-util\2.7.12\sesame-util-2.7.12.jar;C:\Users\33601\.m2\repository\org\openrdf\sesame\sesame-rio-api\2.7.12\sesame-rio-api-2.7.12.jar;C:\Users\33601\.m2\repository\org\openrdf\sesame\sesame-rio-languages\2.7.12\sesame-rio-languages-2.7.12.jar;C:\Users\33601\.m2\repository\org\openrdf\sesame\sesame-rio-datatypes\2.7.12\sesame-rio-datatypes-2.7.12.jar;C:\Users\33601\.m2\repository\org\openrdf\sesame\sesame-rio-binary\2.7.12\sesame-rio-binary-2.7.12.jar;C:\Users\33601\.m2\repository\org\openrdf\sesame\sesame-rio-n3\2.7.12\sesame-rio-n3-2.7.12.jar;C:\Users\33601\.m2\repository\org\openrdf\sesame\sesame-rio-nquads\2.7.12\sesame-rio-nquads-2.7.12.jar;C:\Users\33601\.m2\repository\org\openrdf\sesame\sesame-rio-ntriples\2.7.12\sesame-rio-ntriples-2.7.12.jar;C:\Users\33601\.m2\repository\org\openrdf\sesame\sesame-rio-rdfjson\2.7.12\sesame-rio-rdfjson-2.7.12.jar;C:\Users\33601\.m2\repository\org\openrdf\sesame\sesame-rio-rdfxml\2.7.12\sesame-rio-rdfxml-2.7.12.jar;C:\Users\33601\.m2\repository\org\openrdf\sesame\sesame-rio-trix\2.7.12\sesame-rio-trix-2.7.12.jar;C:\Users\33601\.m2\repository\org\openrdf\sesame\sesame-rio-turtle\2.7.12\sesame-rio-turtle-2.7.12.jar;C:\Users\33601\.m2\repository\org\openrdf\sesame\sesame-rio-trig\2.7.12\sesame-rio-trig-2.7.12.jar;C:\Users\33601\.m2\repository\com\github\jsonld-java\jsonld-java-sesame\0.5.0\jsonld-java-sesame-0.5.0.jar;C:\Users\33601\.m2\repository\com\github\jsonld-java\jsonld-java\0.5.0\jsonld-java-0.5.0.jar;C:\Users\33601\.m2\repository\org\apache\httpcomponents\httpclient-cache\4.2.5\httpclient-cache-4.2.5.jar;C:\Users\33601\.m2\repository\org\apache\httpcomponents\httpclient\4.2.5\httpclient-4.2.5.jar;C:\Users\33601\.m2\repository\org\apache\httpcomponents\httpcore\4.2.4\httpcore-4.2.4.jar;C:\Users\33601\.m2\repository\commons-codec\commons-codec\1.6\commons-codec-1.6.jar;C:\Users\33601\.m2\repository\org\slf4j\jcl-over-slf4j\1.7.7\jcl-over-slf4j-1.7.7.jar;C:\Users\33601\.m2\repository\org\semarglproject\semargl-sesame\0.6.1\semargl-sesame-0.6.1.jar;C:\Users\33601\.m2\repository\org\semarglproject\semargl-core\0.6.1\semargl-core-0.6.1.jar;C:\Users\33601\.m2\repository\org\semarglproject\semargl-rdfa\0.6.1\semargl-rdfa-0.6.1.jar;C:\Users\33601\.m2\repository\org\semarglproject\semargl-rdf\0.6.1\semargl-rdf-0.6.1.jar;C:\Users\33601\.m2\repository\net\sf\trove4j\trove4j\3.0.3\trove4j-3.0.3.jar;C:\Users\33601\.m2\repository\com\google\guava\guava\18.0\guava-18.0.jar;C:\Users\33601\.m2\repository\com\google\inject\guice\4.0\guice-4.0.jar;C:\Users\33601\.m2\repository\javax\inject\javax.inject\1\javax.inject-1.jar;C:\Users\33601\.m2\repository\aopalliance\aopalliance\1.0\aopalliance-1.0.jar;C:\Users\33601\.m2\repository\com\google\inject\extensions\guice-assistedinject\4.0\guice-assistedinject-4.0.jar;C:\Users\33601\.m2\repository\com\google\inject\extensions\guice-multibindings\4.0\guice-multibindings-4.0.jar;C:\Users\33601\.m2\repository\com\google\code\findbugs\jsr305\2.0.1\jsr305-2.0.1.jar;C:\Users\33601\.m2\repository\org\slf4j\slf4j-api\1.7.10\slf4j-api-1.7.10.jar;C:\Users\33601\.m2\repository\commons-io\commons-io\2.4\commons-io-2.4.jar;C:\Users\33601\.m2\repository\org\slf4j\slf4j-simple\1.7.13\slf4j-simple-1.7.13.jar;C:\Users\33601\.m2\repository\jakarta-regexp\jakarta-regexp\1.4\jakarta-regexp-1.4.jar;"/>
    <property name="sun.cpu.endian" value="little"/>
    <property name="user.home" value="C:\Users\33601"/>
    <property name="user.language" value="fr"/>
    <property name="java.specification.vendor" value="Oracle Corporation"/>
    <property name="java.version.date" value="2021-01-19"/>
    <property name="java.home" value="C:\Program Files\Java\jdk-15.0.2"/>
    <property name="file.separator" value="\"/>
    <property name="basedir" value="C:\Users\33601\eclipse-workspace\ProjetStylo"/>
    <property name="java.vm.compressedOopsMode" value="Zero based"/>
    <property name="line.separator" value="&#10;"/>
    <property name="java.vm.specification.vendor" value="Oracle Corporation"/>
    <property name="java.specification.name" value="Java Platform API Specification"/>
    <property name="surefire.real.class.path" value="C:\Users\33601\AppData\Local\Temp\surefire7125868979492166139\surefirebooter2295525231460484035.jar"/>
    <property name="user.script" value=""/>
    <property name="sun.management.compiler" value="HotSpot 64-Bit Tiered Compilers"/>
    <property name="java.runtime.version" value="15.0.2+7-27"/>
    <property name="user.name" value="33601"/>
    <property name="path.separator" value=";"/>
    <property name="os.version" value="10.0"/>
    <property name="java.runtime.name" value="Java(TM) SE Runtime Environment"/>
    <property name="file.encoding" value="Cp1252"/>
    <property name="java.vm.name" value="Java HotSpot(TM) 64-Bit Server VM"/>
    <property name="localRepository" value="C:\Users\33601\.m2\repository"/>
    <property name="java.vendor.url.bug" value="https://bugreport.java.com/bugreport/"/>
    <property name="java.io.tmpdir" value="C:\Users\33601\AppData\Local\Temp\"/>
    <property name="java.version" value="15.0.2"/>
    <property name="user.dir" value="C:\Users\33601\eclipse-workspace\ProjetStylo"/>
    <property name="os.arch" value="amd64"/>
    <property name="java.vm.specification.name" value="Java Virtual Machine Specification"/>
    <property name="sun.os.patch.level" value=""/>
    <property name="java.library.path" value="C:\Program Files\Java\jdk-15.0.2\bin;C:\WINDOWS\Sun\Java\bin;C:\WINDOWS\system32;C:\WINDOWS;C:\Program Files\Common Files\Oracle\Java\javapath;C:\Program Files (x86)\Common Files\Oracle\Java\javapath;C:\WINDOWS\system32;C:\WINDOWS;C:\WINDOWS\System32\Wbem;C:\WINDOWS\System32\WindowsPowerShell\v1.0\;C:\WINDOWS\System32\OpenSSH\;C:\Program Files\NVIDIA Corporation\NVIDIA NvDLISR;C:\Program Files (x86)\NVIDIA Corporation\PhysX\Common;C:\Program Files\Microsoft\Web Platform Installer\;C:\Program Files (x86)\Microsoft ASP.NET\ASP.NET Web Pages\v1.0\;C:\Program Files (x86)\Windows Kits\8.0\Windows Performance Toolkit\;C:\Program Files\Microsoft SQL Server\110\Tools\Binn\;C:\Users\33601\AppData\Local\Microsoft\WindowsApps;;."/>
    <property name="java.vm.info" value="mixed mode, sharing"/>
    <property name="java.vendor" value="Oracle Corporation"/>
    <property name="java.vm.version" value="15.0.2+7-27"/>
    <property name="sun.io.unicode.encoding" value="UnicodeLittle"/>
    <property name="java.class.version" value="59.0"/>
  </properties>
  <testcase name="shouldAnswerWithTrue" classname="SIC.ProjetStylo.AppTest" time="0.001"/>
</testsuite>